==2002== Memcheck, a memory error detector
==2002== Copyright (C) 2002-2011, and GNU GPL'd, by Julian Seward et al.
==2002== Using Valgrind-3.7.0 and LibVEX; rerun with -h for copyright info
==2002== Command: ./pa02
==2002== Parent PID: 1675
==2002== 
--2002-- 
--2002-- Valgrind options:
--2002--    --suppressions=/usr/lib/valgrind/debian-libc6-dbg.supp
--2002--    --tool=memcheck
--2002--    --leak-check=full
--2002--    --verbose
--2002--    --log-file=memcheck.log
--2002-- Contents of /proc/version:
--2002--   Linux version 3.8.0-35-generic (buildd@akateko) (gcc version 4.6.3 (Ubuntu/Linaro 4.6.3-1ubuntu5) ) #50~precise1-Ubuntu SMP Wed Dec 4 17:28:45 UTC 2013
--2002-- Arch and hwcaps: X86, x86-sse1-sse2
--2002-- Page sizes: currently 4096, max supported 4096
--2002-- Valgrind library directory: /usr/lib/valgrind
--2002-- Reading syms from /lib/i386-linux-gnu/ld-2.15.so (0x4000000)
--2002--   Considering /lib/i386-linux-gnu/ld-2.15.so ..
--2002--   .. CRC mismatch (computed 72502f98 wanted 90076620)
--2002--   Considering /usr/lib/debug/lib/i386-linux-gnu/ld-2.15.so ..
--2002--   .. CRC is valid
--2002-- Reading syms from /home/mark/ECE264/HW02/pa02 (0x8048000)
--2002-- Reading syms from /usr/lib/valgrind/memcheck-x86-linux (0x38000000)
--2002--   Considering /usr/lib/valgrind/memcheck-x86-linux ..
--2002--   .. CRC mismatch (computed 2a2bce46 wanted 9ac1affc)
--2002--    object doesn't have a symbol table
--2002--    object doesn't have a dynamic symbol table
--2002-- Reading suppressions file: /usr/lib/valgrind/debian-libc6-dbg.supp
--2002-- Reading suppressions file: /usr/lib/valgrind/default.supp
==2002== embedded gdbserver: reading from /tmp/vgdb-pipe-from-vgdb-to-2002-by-mark-on-???
==2002== embedded gdbserver: writing to   /tmp/vgdb-pipe-to-vgdb-from-2002-by-mark-on-???
==2002== embedded gdbserver: shared mem   /tmp/vgdb-pipe-shared-mem-vgdb-2002-by-mark-on-???
==2002== 
==2002== TO CONTROL THIS PROCESS USING vgdb (which you probably
==2002== don't want to do, unless you know exactly what you're doing,
==2002== or are doing some strange experiment):
==2002==   /usr/lib/valgrind/../../bin/vgdb --pid=2002 ...command...
==2002== 
==2002== TO DEBUG THIS PROCESS USING GDB: start GDB like this
==2002==   /path/to/gdb ./pa02
==2002== and then give GDB the following command
==2002==   target remote | /usr/lib/valgrind/../../bin/vgdb --pid=2002
==2002== --pid is optional if only one valgrind process is running
==2002== 
--2002-- REDIR: 0x40182e0 (strlen) redirected to 0x38056b04 (???)
--2002-- REDIR: 0x4018060 (index) redirected to 0x38056adf (???)
--2002-- Reading syms from /usr/lib/valgrind/vgpreload_core-x86-linux.so (0x4025000)
--2002--   Considering /usr/lib/valgrind/vgpreload_core-x86-linux.so ..
--2002--   .. CRC mismatch (computed 33f4d79f wanted ac058c14)
--2002--    object doesn't have a symbol table
--2002-- Reading syms from /usr/lib/valgrind/vgpreload_memcheck-x86-linux.so (0x4028000)
--2002--   Considering /usr/lib/valgrind/vgpreload_memcheck-x86-linux.so ..
--2002--   .. CRC mismatch (computed 8c6a0645 wanted b38afa17)
--2002--    object doesn't have a symbol table
--2002-- Reading syms from /lib/i386-linux-gnu/libc-2.15.so (0x4045000)
--2002--   Considering /lib/i386-linux-gnu/libc-2.15.so ..
--2002--   .. CRC mismatch (computed 17ac398b wanted 58914b22)
--2002--   Considering /usr/lib/debug/lib/i386-linux-gnu/libc-2.15.so ..
--2002--   .. CRC is valid
--2002-- REDIR: 0x40c30b0 (strnlen) redirected to 0x40254a0 (_vgnU_ifunc_wrapper)
--2002-- REDIR: 0x40c4600 (strncasecmp) redirected to 0x40254a0 (_vgnU_ifunc_wrapper)
--2002-- REDIR: 0x40c3250 (__GI_strrchr) redirected to 0x402c1b0 (__GI_strrchr)
--2002-- REDIR: 0x40c2ff0 (__GI_strlen) redirected to 0x402c670 (__GI_strlen)
--2002-- REDIR: 0x40c5920 (strchrnul) redirected to 0x402ebe0 (strchrnul)
--2002-- REDIR: 0x40bf260 (free) redirected to 0x402b000 (free)
==2002== 
==2002== HEAP SUMMARY:
==2002==     in use at exit: 0 bytes in 0 blocks
==2002==   total heap usage: 0 allocs, 0 frees, 0 bytes allocated
==2002== 
==2002== All heap blocks were freed -- no leaks are possible
==2002== 
==2002== ERROR SUMMARY: 0 errors from 0 contexts (suppressed: 0 from 0)
==2002== ERROR SUMMARY: 0 errors from 0 contexts (suppressed: 0 from 0)
